{"cb965b49d65ea300604de77642d2ac9b":{"statistic":{"failed":1,"broken":0,"skipped":0,"passed":0,"unknown":0,"total":1},"items":[{"uid":"9d55426966bcbda0","status":"failed","statusDetails":"AssertionError: ++++ soft assert failure details follow below ++++\n\n++++++++++++++++++++++++++++++++++++++++++++++++++++++++++++++++++++++\nThe following 2 failures were found in \"wrapper\" (utilities.utils.Utils):\n+----------------------+----------------------+----------------------+\n Failure 1 (\"wrapper\" method)\n+----------------------+----------------------+----------------------+\nTraceback (most recent call last):\n  File \"/Users/k-bhatt/PythonTestFrameworkDemo/utilities/utils.py\", line 11, in assertListItemText\n    self.soft_assert(self.assertEqual, stop.text, value)\n  File \"/Users/k-bhatt/PythonTestFrameworkDemo/testcases/test_searchflights.py\", line 39, in test_search_flights_1_stop\n    self.utilPage.assertListItemText(allstops, stops)\n  File \"/Users/k-bhatt/PythonTestFrameworkDemo/env/lib/python3.11/site-packages/ddt.py\", line 221, in wrapper\n    return func(self, *args, **kwargs)\n  File \"/Users/k-bhatt/PythonTestFrameworkDemo/env/lib/python3.11/site-packages/softest/case.py\", line 62, in soft_assert\n    assert_method(*arguments, **keywords)\n  File \"/Library/Frameworks/Python.framework/Versions/3.11/lib/python3.11/unittest/case.py\", line 873, in assertEqual\n    assertion_func(first, second, msg=msg)\n  File \"/Library/Frameworks/Python.framework/Versions/3.11/lib/python3.11/unittest/case.py\", line 1253, in assertMultiLineEqual\n    self.fail(self._formatMessage(msg, standardMsg))\n  File \"/Library/Frameworks/Python.framework/Versions/3.11/lib/python3.11/unittest/case.py\", line 703, in fail\n    raise self.failureException(msg)\nAssertionError: '2 Stop(s)' != '2 Stop'\n- 2 Stop(s)\n?       ---\n+ 2 Stop\n\n\n-+ [1/2] +-\n\n+----------------------+----------------------+----------------------+\n Failure 2 (\"wrapper\" method)\n+----------------------+----------------------+----------------------+\nTraceback (most recent call last):\n  File \"/Users/k-bhatt/PythonTestFrameworkDemo/utilities/utils.py\", line 11, in assertListItemText\n    self.soft_assert(self.assertEqual, stop.text, value)\n  File \"/Users/k-bhatt/PythonTestFrameworkDemo/testcases/test_searchflights.py\", line 39, in test_search_flights_1_stop\n    self.utilPage.assertListItemText(allstops, stops)\n  File \"/Users/k-bhatt/PythonTestFrameworkDemo/env/lib/python3.11/site-packages/ddt.py\", line 221, in wrapper\n    return func(self, *args, **kwargs)\n  File \"/Users/k-bhatt/PythonTestFrameworkDemo/env/lib/python3.11/site-packages/softest/case.py\", line 62, in soft_assert\n    assert_method(*arguments, **keywords)\n  File \"/Library/Frameworks/Python.framework/Versions/3.11/lib/python3.11/unittest/case.py\", line 873, in assertEqual\n    assertion_func(first, second, msg=msg)\n  File \"/Library/Frameworks/Python.framework/Versions/3.11/lib/python3.11/unittest/case.py\", line 1253, in assertMultiLineEqual\n    self.fail(self._formatMessage(msg, standardMsg))\n  File \"/Library/Frameworks/Python.framework/Versions/3.11/lib/python3.11/unittest/case.py\", line 703, in fail\n    raise self.failureException(msg)\nAssertionError: '2 Stop(s)' != '2 Stop'\n- 2 Stop(s)\n?       ---\n+ 2 Stop\n\n\n-+ [2/2] +-","time":{"start":1713210029196,"stop":1713210064385,"duration":35189}}]},"3781ce1fd0a25de5feef610905320f32":{"statistic":{"failed":0,"broken":1,"skipped":0,"passed":0,"unknown":0,"total":1},"items":[{"uid":"1cc1dc95edfd9087","status":"broken","statusDetails":"selenium.common.exceptions.ElementNotInteractableException: Message: element not interactable\n  (Session info: chrome=123.0.6312.123)\nStacktrace:\n0   chromedriver                        0x000000010517a0c8 chromedriver + 4595912\n1   chromedriver                        0x0000000105171e33 chromedriver + 4562483\n2   chromedriver                        0x0000000104d75225 chromedriver + 381477\n3   chromedriver                        0x0000000104dc01ed chromedriver + 688621\n4   chromedriver                        0x0000000104db390c chromedriver + 637196\n5   chromedriver                        0x0000000104de1142 chromedriver + 823618\n6   chromedriver                        0x0000000104db32b8 chromedriver + 635576\n7   chromedriver                        0x0000000104de12fe chromedriver + 824062\n8   chromedriver                        0x0000000104e0114d chromedriver + 954701\n9   chromedriver                        0x0000000104de0ee3 chromedriver + 823011\n10  chromedriver                        0x0000000104db1be4 chromedriver + 629732\n11  chromedriver                        0x0000000104db279e chromedriver + 632734\n12  chromedriver                        0x000000010513ffe2 chromedriver + 4358114\n13  chromedriver                        0x0000000105144c2d chromedriver + 4377645\n14  chromedriver                        0x00000001051445a3 chromedriver + 4375971\n15  chromedriver                        0x0000000105144ed5 chromedriver + 4378325\n16  chromedriver                        0x0000000105129a05 chromedriver + 4266501\n17  chromedriver                        0x000000010514525d chromedriver + 4379229\n18  chromedriver                        0x000000010511c050 chromedriver + 4210768\n19  chromedriver                        0x0000000105162a98 chromedriver + 4500120\n20  chromedriver                        0x0000000105162c11 chromedriver + 4500497\n21  chromedriver                        0x0000000105171a73 chromedriver + 4561523\n22  libsystem_pthread.dylib             0x00007ff816bfb18b _pthread_start + 99\n23  libsystem_pthread.dylib             0x00007ff816bf6ae3 thread_start + 15","time":{"start":1713209914524,"stop":1713210001595,"duration":87071}}]},"2f1d58db96134f6ceb319001d1ae0c59":{"statistic":{"failed":0,"broken":1,"skipped":0,"passed":0,"unknown":0,"total":1},"items":[{"uid":"e3d1155a0c0783fe","status":"broken","statusDetails":"selenium.common.exceptions.ElementClickInterceptedException: Message: element click intercepted: Element <input data-role=\"none\" readonly=\"readonly\" type=\"text\" autocomplete=\"false\" name=\"flight_origin_date\" placeholder=\" \" id=\"BE_flight_origin_date\" class=\"custom-date-input BE_flight_origin_date\"> is not clickable at point (440, 259). Other element would receive the click: <li class=\"ac_over\">...</li>\n  (Session info: chrome=123.0.6312.123)\nStacktrace:\n0   chromedriver                        0x000000010c8200c8 chromedriver + 4595912\n1   chromedriver                        0x000000010c817e33 chromedriver + 4562483\n2   chromedriver                        0x000000010c41b39a chromedriver + 381850\n3   chromedriver                        0x000000010c46c181 chromedriver + 713089\n4   chromedriver                        0x000000010c46a093 chromedriver + 704659\n5   chromedriver                        0x000000010c4676f7 chromedriver + 694007\n6   chromedriver                        0x000000010c466a9c chromedriver + 690844\n7   chromedriver                        0x000000010c45990c chromedriver + 637196\n8   chromedriver                        0x000000010c487142 chromedriver + 823618\n9   chromedriver                        0x000000010c4592b8 chromedriver + 635576\n10  chromedriver                        0x000000010c4872fe chromedriver + 824062\n11  chromedriver                        0x000000010c4a714d chromedriver + 954701\n12  chromedriver                        0x000000010c486ee3 chromedriver + 823011\n13  chromedriver                        0x000000010c457be4 chromedriver + 629732\n14  chromedriver                        0x000000010c45879e chromedriver + 632734\n15  chromedriver                        0x000000010c7e5fe2 chromedriver + 4358114\n16  chromedriver                        0x000000010c7eac2d chromedriver + 4377645\n17  chromedriver                        0x000000010c7ea5a3 chromedriver + 4375971\n18  chromedriver                        0x000000010c7eaed5 chromedriver + 4378325\n19  chromedriver                        0x000000010c7cfa05 chromedriver + 4266501\n20  chromedriver                        0x000000010c7eb25d chromedriver + 4379229\n21  chromedriver                        0x000000010c7c2050 chromedriver + 4210768\n22  chromedriver                        0x000000010c808a98 chromedriver + 4500120\n23  chromedriver                        0x000000010c808c11 chromedriver + 4500497\n24  chromedriver                        0x000000010c817a73 chromedriver + 4561523\n25  libsystem_pthread.dylib             0x00007ff816bfb18b _pthread_start + 99\n26  libsystem_pthread.dylib             0x00007ff816bf6ae3 thread_start + 15","time":{"start":1713209903427,"stop":1713209909235,"duration":5808}}]},"3f2fd62a2f2f88901b00cf4dc563d187":{"statistic":{"failed":0,"broken":1,"skipped":0,"passed":0,"unknown":0,"total":1},"items":[{"uid":"ca9b3b6aed36af7d","status":"broken","statusDetails":"selenium.common.exceptions.NoSuchElementException: Message: no such element: Unable to locate element: {\"method\":\"xpath\",\"selector\":\"//p[@class='font-lightgrey bold'][normalize-space()='1']\"}\n  (Session info: chrome=123.0.6312.123); For documentation on this error, please visit: https://www.selenium.dev/documentation/webdriver/troubleshooting/errors#no-such-element-exception\nStacktrace:\n0   chromedriver                        0x00000001019cf0c8 chromedriver + 4595912\n1   chromedriver                        0x00000001019c6e33 chromedriver + 4562483\n2   chromedriver                        0x00000001015ca39a chromedriver + 381850\n3   chromedriver                        0x0000000101613f08 chromedriver + 683784\n4   chromedriver                        0x0000000101614191 chromedriver + 684433\n5   chromedriver                        0x0000000101658b14 chromedriver + 965396\n6   chromedriver                        0x000000010163616d chromedriver + 823661\n7   chromedriver                        0x000000010165614d chromedriver + 954701\n8   chromedriver                        0x0000000101635ee3 chromedriver + 823011\n9   chromedriver                        0x0000000101606be4 chromedriver + 629732\n10  chromedriver                        0x000000010160779e chromedriver + 632734\n11  chromedriver                        0x0000000101994fe2 chromedriver + 4358114\n12  chromedriver                        0x0000000101999c2d chromedriver + 4377645\n13  chromedriver                        0x00000001019995a3 chromedriver + 4375971\n14  chromedriver                        0x0000000101999ed5 chromedriver + 4378325\n15  chromedriver                        0x000000010197ea05 chromedriver + 4266501\n16  chromedriver                        0x000000010199a25d chromedriver + 4379229\n17  chromedriver                        0x0000000101971050 chromedriver + 4210768\n18  chromedriver                        0x00000001019b7a98 chromedriver + 4500120\n19  chromedriver                        0x00000001019b7c11 chromedriver + 4500497\n20  chromedriver                        0x00000001019c6a73 chromedriver + 4561523\n21  libsystem_pthread.dylib             0x00007ff816bfb18b _pthread_start + 99\n22  libsystem_pthread.dylib             0x00007ff816bf6ae3 thread_start + 15","time":{"start":1713210006803,"stop":1713210024074,"duration":17271}}]}}